# JRE version: Java(TM) SE Runtime Environment (8.0_171-b11) (build 1.8.0_171-b11)
# Java VM: Java HotSpot(TM) 64-Bit Server VM (25.171-b11 mixed mode windows-amd64 compressed oops)
Heap:
 PSYoungGen      total 179712K, used 15847K [0x000000076b600000, 0x000000077d700000, 0x00000007c0000000)
  eden space 163840K, 0% used [0x000000076b600000,0x000000076b600000,0x0000000775600000)
  from space 15872K, 99% used [0x0000000775600000,0x0000000776579c60,0x0000000776580000)
  to   space 19968K, 0% used [0x000000077c380000,0x000000077c380000,0x000000077d700000)
 ParOldGen       total 94208K, used 13547K [0x00000006c2200000, 0x00000006c7e00000, 0x000000076b600000)
  object space 94208K, 14% used [0x00000006c2200000,0x00000006c2f3acc0,0x00000006c7e00000)
 Metaspace       used 33736K, capacity 35328K, committed 35416K, reserved 1079296K
  class space    used 4628K, capacity 4961K, committed 4992K, reserved 1048576K
GC Heap History (10 events):
Event: 3.575 GC heap after
Heap after GC invocations=4 (full 1):
 PSYoungGen      total 75776K, used 0K [0x000000076b600000, 0x0000000774a00000, 0x00000007c0000000)
  eden space 65024K, 0% used [0x000000076b600000,0x000000076b600000,0x000000076f580000)
  from space 10752K, 0% used [0x000000076f580000,0x000000076f580000,0x0000000770000000)
  to   space 10752K, 0% used [0x0000000773f80000,0x0000000773f80000,0x0000000774a00000)
 ParOldGen       total 94208K, used 6865K [0x00000006c2200000, 0x00000006c7e00000, 0x000000076b600000)
  object space 94208K, 7% used [0x00000006c2200000,0x00000006c28b4490,0x00000006c7e00000)
 Metaspace       used 20544K, capacity 21098K, committed 21248K, reserved 1067008K
  class space    used 2792K, capacity 2957K, committed 3072K, reserved 1048576K
}
Event: 5.344 GC heap before
{Heap before GC invocations=5 (full 1):
 PSYoungGen      total 75776K, used 65024K [0x000000076b600000, 0x0000000774a00000, 0x00000007c0000000)
  eden space 65024K, 100% used [0x000000076b600000,0x000000076f580000,0x000000076f580000)
  from space 10752K, 0% used [0x000000076f580000,0x000000076f580000,0x0000000770000000)
  to   space 10752K, 0% used [0x0000000773f80000,0x0000000773f80000,0x0000000774a00000)
 ParOldGen       total 94208K, used 6865K [0x00000006c2200000, 0x00000006c7e00000, 0x000000076b600000)
  object space 94208K, 7% used [0x00000006c2200000,0x00000006c28b4490,0x00000006c7e00000)
 Metaspace       used 23386K, capacity 24210K, committed 24448K, reserved 1071104K
  class space    used 3217K, capacity 3422K, committed 3456K, reserved 1048576K
Event: 5.358 GC heap after
Heap after GC invocations=5 (full 1):
 PSYoungGen      total 114176K, used 8329K [0x000000076b600000, 0x0000000774800000, 0x00000007c0000000)
  eden space 105472K, 0% used [0x000000076b600000,0x000000076b600000,0x0000000771d00000)
  from space 8704K, 95% used [0x0000000773f80000,0x00000007747a2630,0x0000000774800000)
  to   space 10752K, 0% used [0x0000000773300000,0x0000000773300000,0x0000000773d80000)
 ParOldGen       total 94208K, used 6937K [0x00000006c2200000, 0x00000006c7e00000, 0x000000076b600000)
  object space 94208K, 7% used [0x00000006c2200000,0x00000006c28c64a0,0x00000006c7e00000)
 Metaspace       used 23386K, capacity 24210K, committed 24448K, reserved 1071104K
  class space    used 3217K, capacity 3422K, committed 3456K, reserved 1048576K
}
Event: 7.229 GC heap before
{Heap before GC invocations=6 (full 1):
 PSYoungGen      total 114176K, used 113801K [0x000000076b600000, 0x0000000774800000, 0x00000007c0000000)
  eden space 105472K, 100% used [0x000000076b600000,0x0000000771d00000,0x0000000771d00000)
  from space 8704K, 95% used [0x0000000773f80000,0x00000007747a2630,0x0000000774800000)
  to   space 10752K, 0% used [0x0000000773300000,0x0000000773300000,0x0000000773d80000)
 ParOldGen       total 94208K, used 6937K [0x00000006c2200000, 0x00000006c7e00000, 0x000000076b600000)
  object space 94208K, 7% used [0x00000006c2200000,0x00000006c28c64a0,0x00000006c7e00000)
 Metaspace       used 25929K, capacity 26916K, committed 27264K, reserved 1073152K
  class space    used 3637K, capacity 3863K, committed 3968K, reserved 1048576K
Event: 7.245 GC heap after
Heap after GC invocations=6 (full 1):
 PSYoungGen      total 138752K, used 10741K [0x000000076b600000, 0x0000000777200000, 0x00000007c0000000)
  eden space 128000K, 0% used [0x000000076b600000,0x000000076b600000,0x0000000773300000)
  from space 10752K, 99% used [0x0000000773300000,0x0000000773d7d590,0x0000000773d80000)
  to   space 12800K, 0% used [0x0000000776580000,0x0000000776580000,0x0000000777200000)
 ParOldGen       total 94208K, used 7851K [0x00000006c2200000, 0x00000006c7e00000, 0x000000076b600000)
  object space 94208K, 8% used [0x00000006c2200000,0x00000006c29aae90,0x00000006c7e00000)
 Metaspace       used 25929K, capacity 26916K, committed 27264K, reserved 1073152K
  class space    used 3637K, capacity 3863K, committed 3968K, reserved 1048576K
}
Event: 9.346 GC heap before
{Heap before GC invocations=7 (full 1):
 PSYoungGen      total 138752K, used 138741K [0x000000076b600000, 0x0000000777200000, 0x00000007c0000000)
  eden space 128000K, 100% used [0x000000076b600000,0x0000000773300000,0x0000000773300000)
  from space 10752K, 99% used [0x0000000773300000,0x0000000773d7d590,0x0000000773d80000)
  to   space 12800K, 0% used [0x0000000776580000,0x0000000776580000,0x0000000777200000)
 ParOldGen       total 94208K, used 7851K [0x00000006c2200000, 0x00000006c7e00000, 0x000000076b600000)
  object space 94208K, 8% used [0x00000006c2200000,0x00000006c29aae90,0x00000006c7e00000)
 Metaspace       used 30129K, capacity 31686K, committed 32000K, reserved 1077248K
  class space    used 4214K, capacity 4534K, committed 4608K, reserved 1048576K
Event: 9.387 GC heap after
Heap after GC invocations=7 (full 1):
 PSYoungGen      total 176640K, used 12781K [0x000000076b600000, 0x0000000779b80000, 0x00000007c0000000)
  eden space 163840K, 0% used [0x000000076b600000,0x000000076b600000,0x0000000775600000)
  from space 12800K, 99% used [0x0000000776580000,0x00000007771fb758,0x0000000777200000)
  to   space 15872K, 0% used [0x0000000775600000,0x0000000775600000,0x0000000776580000)
 ParOldGen       total 94208K, used 10630K [0x00000006c2200000, 0x00000006c7e00000, 0x000000076b600000)
  object space 94208K, 11% used [0x00000006c2200000,0x00000006c2c61a60,0x00000006c7e00000)
 Metaspace       used 30129K, capacity 31686K, committed 32000K, reserved 1077248K
  class space    used 4214K, capacity 4534K, committed 4608K, reserved 1048576K
}
Event: 12.492 GC heap before
{Heap before GC invocations=8 (full 1):
 PSYoungGen      total 176640K, used 136459K [0x000000076b600000, 0x0000000779b80000, 0x00000007c0000000)
  eden space 163840K, 75% used [0x000000076b600000,0x0000000772ec7590,0x0000000775600000)
  from space 12800K, 99% used [0x0000000776580000,0x00000007771fb758,0x0000000777200000)
  to   space 15872K, 0% used [0x0000000775600000,0x0000000775600000,0x0000000776580000)
 ParOldGen       total 94208K, used 10630K [0x00000006c2200000, 0x00000006c7e00000, 0x000000076b600000)
  object space 94208K, 11% used [0x00000006c2200000,0x00000006c2c61a60,0x00000006c7e00000)
 Metaspace       used 33736K, capacity 35328K, committed 35416K, reserved 1079296K
  class space    used 4628K, capacity 4961K, committed 4992K, reserved 1048576K
Event: 12.530 GC heap after
Heap after GC invocations=8 (full 1):
 PSYoungGen      total 179712K, used 15847K [0x000000076b600000, 0x000000077d700000, 0x00000007c0000000)
  eden space 163840K, 0% used [0x000000076b600000,0x000000076b600000,0x0000000775600000)
  from space 15872K, 99% used [0x0000000775600000,0x0000000776579c60,0x0000000776580000)
  to   space 19968K, 0% used [0x000000077c380000,0x000000077c380000,0x000000077d700000)
 ParOldGen       total 94208K, used 13547K [0x00000006c2200000, 0x00000006c7e00000, 0x000000076b600000)
  object space 94208K, 14% used [0x00000006c2200000,0x00000006c2f3acc0,0x00000006c7e00000)
 Metaspace       used 33736K, capacity 35328K, committed 35416K, reserved 1079296K
  class space    used 4628K, capacity 4961K, committed 4992K, reserved 1048576K
}
Event: 12.530 GC heap before
{Heap before GC invocations=9 (full 2):
 PSYoungGen      total 179712K, used 15847K [0x000000076b600000, 0x000000077d700000, 0x00000007c0000000)
  eden space 163840K, 0% used [0x000000076b600000,0x000000076b600000,0x0000000775600000)
  from space 15872K, 99% used [0x0000000775600000,0x0000000776579c60,0x0000000776580000)
  to   space 19968K, 0% used [0x000000077c380000,0x000000077c380000,0x000000077d700000)
 ParOldGen       total 94208K, used 13547K [0x00000006c2200000, 0x00000006c7e00000, 0x000000076b600000)
  object space 94208K, 14% used [0x00000006c2200000,0x00000006c2f3acc0,0x00000006c7e00000)
 Metaspace       used 33736K, capacity 35328K, committed 35416K, reserved 1079296K
  class space    used 4628K, capacity 4961K, committed 4992K, reserved 1048576K

